eeschema (2013-may-18)-stable  >> Creation date: Tue 12 May 2015 09:29:53 PM PDT
#Cmp ( order = Reference )
| 3V1        CONN_2X2    
| 5V1        CONN_2X2    
| C1         100pF       
| C2         100pF       
| DBG1       CONN_2X2    
| ESP8266    CONN_4X2    
| LEDOUT1    CONN_2X2    
| Q1         BSS138      
| R1         10k         
| R2         10k         
| R3         10k         
| U1         LM1117      
#End Cmp

#Cmp ( order = Value )
| CONN_2X2     3V1       
| CONN_2X2     5V1       
| 100pF        C1        
| 100pF        C2        
| CONN_2X2     DBG1      
| CONN_4X2     ESP8266   
| CONN_2X2     LEDOUT1   
| BSS138       Q1        
| 10k          R1        
| 10k          R2        
| 10k          R3        
| LM1117       U1        
#End Cmp

#End List
